Using pre-set license
Built from '2020.2/staging' branch; Version is '2020.2.0b9 (ef2968fa77ae) revision 15673704'; Using compiler version '192528614'; Build Type 'Release'
OS: 'Windows 10  (10.0.0) 64bit' Language: 'en' Physical Memory: 16208 MB
BatchMode: 1, IsHumanControllingUs: 0, StartBugReporterOnCrash: 0, Is64bit: 1, IsPro: 0

 COMMAND LINE ARGUMENTS:
C:\Program Files\Unity\Hub\Editor\2020.2.0b9\Editor\Unity.exe
-adb2
-batchMode
-noUpm
-name
AssetImportWorker1
-projectPath
C:/Robot-Telekinesis-Project/Unity
-logFile
Logs/AssetImportWorker1.log
-srvPort
64111
Successfully changed project path to: C:/Robot-Telekinesis-Project/Unity
C:/Robot-Telekinesis-Project/Unity
Using Asset Import Pipeline V2.
Unable to join player connection multicast group.

Refreshing native plugins compatible for Editor in 30.74 ms, found 3 plugins.
Preloading 0 native plugins for Editor in 0.00 ms.
Initialize engine version: 2020.2.0b9 (ef2968fa77ae)
[Subsystems] Discovering subsystems at path C:/Program Files/Unity/Hub/Editor/2020.2.0b9/Editor/Data/Resources/UnitySubsystems
[Subsystems] Discovering subsystems at path C:/Robot-Telekinesis-Project/Unity/Assets
GfxDevice: creating device client; threaded=0
Direct3D:
    Version:  Direct3D 11.0 [level 11.1]
    Renderer: NVIDIA GeForce RTX 2080 SUPER (ID=0x1e81)
    Vendor:   
    VRAM:     8010 MB
    Driver:   27.21.14.5167
Initialize mono
Mono path[0] = 'C:/Program Files/Unity/Hub/Editor/2020.2.0b9/Editor/Data/Managed'
Mono path[1] = 'C:/Program Files/Unity/Hub/Editor/2020.2.0b9/Editor/Data/MonoBleedingEdge/lib/mono/unityjit'
Mono config path = 'C:/Program Files/Unity/Hub/Editor/2020.2.0b9/Editor/Data/MonoBleedingEdge/etc'
Using monoOptions --debugger-agent=transport=dt_socket,embedding=1,server=y,suspend=n,address=127.0.0.1:56456
Begin MonoManager ReloadAssembly
Registering precompiled unity dll's ...
Register platform support module: C:/Program Files/Unity/Hub/Editor/2020.2.0b9/Editor/Data/PlaybackEngines/WindowsStandaloneSupport/UnityEditor.WindowsStandalone.Extensions.dll
Registered in 0.001256 seconds.
Native extension for WindowsStandalone target not found
Refreshing native plugins compatible for Editor in 26.69 ms, found 3 plugins.
Preloading 0 native plugins for Editor in 0.00 ms.
Invoked RoslynAnalysisRunner static constructor.
RoslynAnalysisRunner will not be running.
RoslynAnalysisRunner has terminated.
Mono: successfully reloaded assembly
- Completed reload, in  0.852 seconds
Platform modules already initialized, skipping
Registering precompiled user dll's ...
Registered in 0.001719 seconds.
Begin MonoManager ReloadAssembly
Symbol file LoadedFromMemory doesn't match image C:\Robot-Telekinesis-Project\Unity\Library\PackageCache\com.unity.ext.nunit@1.0.0\net35\unity-custom\nunit.framework.dll
Native extension for WindowsStandalone target not found
Refreshing native plugins compatible for Editor in 0.55 ms, found 3 plugins.
Preloading 0 native plugins for Editor in 0.00 ms.
Invoked RoslynAnalysisRunner static constructor.
RoslynAnalysisRunner will not be running.
RoslynAnalysisRunner has terminated.
Mono: successfully reloaded assembly
- Completed reload, in  0.781 seconds
Platform modules already initialized, skipping
========================================================================
Worker process is ready to serve import requests
Launched and connected shader compiler UnityShaderCompiler.exe after 0.04 seconds
Refreshing native plugins compatible for Editor in 0.33 ms, found 3 plugins.
Preloading 0 native plugins for Editor in 0.00 ms.
Unloading 1414 Unused Serialized files (Serialized files now loaded: 0)
System memory in use before: 71.5 MB.
System memory in use after: 71.5 MB.

Unloading 13 unused Assets to reduce memory usage. Loaded Objects now: 1857.
Total: 1.791400 ms (FindLiveObjects: 0.312800 ms CreateObjectMapping: 0.066900 ms MarkObjects: 1.354900 ms  DeleteObjects: 0.055800 ms)

========================================================================
Received Import Request.
  path: Assets/Scenes/DevReArchitectScene.unity
  artifactKey: Guid(e777289ff1706784f8bec17f71780f02) Importer(815301076,1909f56bfc062723c751e8b465ee728b)
Start importing Assets/Scenes/DevReArchitectScene.unity using Guid(e777289ff1706784f8bec17f71780f02) Importer(815301076,1909f56bfc062723c751e8b465ee728b)  -> (artifact id: '42f5a3d0d924c3c88147dea4f1a427ae') in 0.012594 seconds
  Import took 0.015164 seconds .

========================================================================
Received Import Request.
  Time since last request: 0.000293 seconds.
  path: Assets/Scenes/DevMainScene.unity
  artifactKey: Guid(363f78e10441f3c44b4f2996233889f0) Importer(815301076,1909f56bfc062723c751e8b465ee728b)
Start importing Assets/Scenes/DevMainScene.unity using Guid(363f78e10441f3c44b4f2996233889f0) Importer(815301076,1909f56bfc062723c751e8b465ee728b)  -> (artifact id: '84d3f967f4e48629b1caaabeb2747fba') in 0.005855 seconds
  Import took 0.008277 seconds .

========================================================================
Received Import Request.
  Time since last request: 23.289907 seconds.
  path: Assets/Scenes/DevReArchScene.unity
  artifactKey: Guid(363f78e10441f3c44b4f2996233889f0) Importer(815301076,1909f56bfc062723c751e8b465ee728b)
Start importing Assets/Scenes/DevReArchScene.unity using Guid(363f78e10441f3c44b4f2996233889f0) Importer(815301076,1909f56bfc062723c751e8b465ee728b)  -> (artifact id: '282d25c6898d9ef5a411f62ce043318d') in 0.008683 seconds
  Import took 0.012319 seconds .

========================================================================
Received Import Request.
  Time since last request: 23.085117 seconds.
  path: Assets/Scenes/DevMainScene.unity
  artifactKey: Guid(e777289ff1706784f8bec17f71780f02) Importer(815301076,1909f56bfc062723c751e8b465ee728b)
Start importing Assets/Scenes/DevMainScene.unity using Guid(e777289ff1706784f8bec17f71780f02) Importer(815301076,1909f56bfc062723c751e8b465ee728b)  -> (artifact id: 'cf225b67c3996700da1b70e61597e7df') in 0.003315 seconds
  Import took 0.007109 seconds .

AssetImportWorkerClient::OnTransportError - code=2 error=End of file
